mode: atomic
github.com/APTrust/dart/v3/dart/main.go:19.13,24.14 5 0
github.com/APTrust/dart/v3/dart/main.go:24.14,27.3 2 0
github.com/APTrust/dart/v3/dart/main.go:28.2,28.12 1 0
github.com/APTrust/dart/v3/dart/main.go:28.12,32.3 3 0
github.com/APTrust/dart/v3/dart/main.go:34.2,34.25 1 0
github.com/APTrust/dart/v3/dart/main.go:38.40,43.22 3 0
github.com/APTrust/dart/v3/dart/main.go:44.15,45.42 1 0
github.com/APTrust/dart/v3/dart/main.go:46.17,47.73 1 0
github.com/APTrust/dart/v3/dart/main.go:48.16,49.38 1 0
github.com/APTrust/dart/v3/dart/main.go:50.10,51.43 1 0
github.com/APTrust/dart/v3/dart/main.go:53.2,53.16 1 0
github.com/APTrust/dart/v3/dart/main.go:53.16,55.3 1 0
github.com/APTrust/dart/v3/dart/main.go:57.2,58.16 2 0
github.com/APTrust/dart/v3/dart/main.go:58.16,60.3 1 0
github.com/APTrust/dart/v3/dart/main.go:61.2,61.16 1 0
github.com/APTrust/dart/v3/server/dev_loader.go:15.40,42.46 1 0
github.com/APTrust/dart/v3/server/dev_loader.go:42.46,42.99 1 0
github.com/APTrust/dart/v3/server/dev_loader.go:52.2,52.39 1 0
github.com/APTrust/dart/v3/server/dev_loader.go:52.39,54.3 1 0
github.com/APTrust/dart/v3/server/dev_loader.go:54.8,54.47 1 0
github.com/APTrust/dart/v3/server/dev_loader.go:54.47,56.3 1 0
github.com/APTrust/dart/v3/server/dev_loader.go:56.8,58.3 1 0
github.com/APTrust/dart/v3/server/dev_loader.go:62.43,65.2 2 0
github.com/APTrust/dart/v3/server/server.go:16.36,17.14 1 0
github.com/APTrust/dart/v3/server/server.go:17.14,19.3 1 0
github.com/APTrust/dart/v3/server/server.go:20.2,22.42 3 0
github.com/APTrust/dart/v3/server/server.go:28.33,30.2 1 0
github.com/APTrust/dart/v3/server/server.go:39.48,41.15 2 0
github.com/APTrust/dart/v3/server/server.go:41.15,48.3 4 0
github.com/APTrust/dart/v3/server/server.go:48.8,50.3 1 0
github.com/APTrust/dart/v3/server/server.go:51.2,53.10 3 0
github.com/APTrust/dart/v3/server/server.go:56.37,221.2 121 0
github.com/APTrust/dart/v3/server/dev_loader.go:15.40,42.46 1 1
github.com/APTrust/dart/v3/server/dev_loader.go:42.46,42.99 1 73
github.com/APTrust/dart/v3/server/dev_loader.go:52.2,52.39 1 1
github.com/APTrust/dart/v3/server/dev_loader.go:52.39,54.3 1 0
github.com/APTrust/dart/v3/server/dev_loader.go:54.8,54.47 1 1
github.com/APTrust/dart/v3/server/dev_loader.go:54.47,56.3 1 0
github.com/APTrust/dart/v3/server/dev_loader.go:56.8,58.3 1 1
github.com/APTrust/dart/v3/server/dev_loader.go:62.43,65.2 2 1
github.com/APTrust/dart/v3/server/server.go:16.36,17.14 1 0
github.com/APTrust/dart/v3/server/server.go:17.14,19.3 1 0
github.com/APTrust/dart/v3/server/server.go:20.2,22.42 3 0
github.com/APTrust/dart/v3/server/server.go:28.33,30.2 1 0
github.com/APTrust/dart/v3/server/server.go:39.48,41.15 2 1
github.com/APTrust/dart/v3/server/server.go:41.15,48.3 4 1
github.com/APTrust/dart/v3/server/server.go:48.8,50.3 1 0
github.com/APTrust/dart/v3/server/server.go:51.2,53.10 3 1
github.com/APTrust/dart/v3/server/server.go:56.37,221.2 121 1
github.com/APTrust/dart/v3/server/controllers/about_controller.go:16.32,18.16 2 1
github.com/APTrust/dart/v3/server/controllers/about_controller.go:18.16,21.3 2 0
github.com/APTrust/dart/v3/server/controllers/about_controller.go:23.2,24.31 2 1
github.com/APTrust/dart/v3/server/controllers/about_controller.go:24.31,26.3 1 0
github.com/APTrust/dart/v3/server/controllers/about_controller.go:28.2,36.57 2 1
github.com/APTrust/dart/v3/server/controllers/about_controller.go:42.38,45.31 3 0
github.com/APTrust/dart/v3/server/controllers/about_controller.go:45.31,47.3 1 0
github.com/APTrust/dart/v3/server/controllers/about_controller.go:47.8,47.36 1 0
github.com/APTrust/dart/v3/server/controllers/about_controller.go:47.36,49.3 1 0
github.com/APTrust/dart/v3/server/controllers/about_controller.go:50.2,51.20 2 0
github.com/APTrust/dart/v3/server/controllers/about_controller.go:55.30,57.16 2 1
github.com/APTrust/dart/v3/server/controllers/about_controller.go:57.16,64.3 3 1
github.com/APTrust/dart/v3/server/controllers/about_controller.go:65.2,66.31 2 0
github.com/APTrust/dart/v3/server/controllers/about_controller.go:66.31,68.3 1 0
github.com/APTrust/dart/v3/server/controllers/about_controller.go:69.2,70.20 2 0
github.com/APTrust/dart/v3/server/controllers/about_controller.go:74.36,76.31 2 0
github.com/APTrust/dart/v3/server/controllers/about_controller.go:76.31,78.3 1 0
github.com/APTrust/dart/v3/server/controllers/about_controller.go:79.2,80.20 2 0
github.com/APTrust/dart/v3/server/controllers/about_controller.go:84.37,86.31 2 0
github.com/APTrust/dart/v3/server/controllers/about_controller.go:86.31,88.3 1 0
github.com/APTrust/dart/v3/server/controllers/about_controller.go:89.2,90.20 2 0
github.com/APTrust/dart/v3/server/controllers/about_controller.go:93.48,95.16 2 0
github.com/APTrust/dart/v3/server/controllers/about_controller.go:95.16,102.3 3 0
github.com/APTrust/dart/v3/server/controllers/about_controller.go:103.2,107.29 2 0
github.com/APTrust/dart/v3/server/controllers/app_settings_controller.go:13.39,15.25 2 1
github.com/APTrust/dart/v3/server/controllers/app_settings_controller.go:15.25,18.3 2 0
github.com/APTrust/dart/v3/server/controllers/app_settings_controller.go:19.2,20.16 2 1
github.com/APTrust/dart/v3/server/controllers/app_settings_controller.go:20.16,23.3 2 0
github.com/APTrust/dart/v3/server/controllers/app_settings_controller.go:24.2,25.47 2 1
github.com/APTrust/dart/v3/server/controllers/app_settings_controller.go:29.37,31.25 2 2
github.com/APTrust/dart/v3/server/controllers/app_settings_controller.go:31.25,34.3 2 0
github.com/APTrust/dart/v3/server/controllers/app_settings_controller.go:35.2,35.70 1 2
github.com/APTrust/dart/v3/server/controllers/app_settings_controller.go:39.38,41.25 2 1
github.com/APTrust/dart/v3/server/controllers/app_settings_controller.go:41.25,44.3 2 0
github.com/APTrust/dart/v3/server/controllers/app_settings_controller.go:45.2,46.70 2 1
github.com/APTrust/dart/v3/server/controllers/app_settings_controller.go:50.36,58.2 3 1
github.com/APTrust/dart/v3/server/controllers/app_settings_controller.go:63.37,70.14 3 3
github.com/APTrust/dart/v3/server/controllers/app_settings_controller.go:70.14,72.56 2 1
github.com/APTrust/dart/v3/server/controllers/app_settings_controller.go:72.56,74.4 1 1
github.com/APTrust/dart/v3/server/controllers/app_settings_controller.go:76.2,77.16 2 3
github.com/APTrust/dart/v3/server/controllers/app_settings_controller.go:77.16,80.3 2 0
github.com/APTrust/dart/v3/server/controllers/app_settings_controller.go:81.2,82.16 2 3
github.com/APTrust/dart/v3/server/controllers/app_settings_controller.go:82.16,91.3 4 1
github.com/APTrust/dart/v3/server/controllers/app_settings_controller.go:92.2,93.47 2 2
github.com/APTrust/dart/v3/server/controllers/bagit_profiles_controller.go:20.41,22.25 2 1
github.com/APTrust/dart/v3/server/controllers/bagit_profiles_controller.go:22.25,24.3 1 0
github.com/APTrust/dart/v3/server/controllers/bagit_profiles_controller.go:25.2,26.25 2 1
github.com/APTrust/dart/v3/server/controllers/bagit_profiles_controller.go:26.25,29.3 2 0
github.com/APTrust/dart/v3/server/controllers/bagit_profiles_controller.go:30.2,34.16 5 1
github.com/APTrust/dart/v3/server/controllers/bagit_profiles_controller.go:34.16,37.3 2 0
github.com/APTrust/dart/v3/server/controllers/bagit_profiles_controller.go:38.2,38.79 1 1
github.com/APTrust/dart/v3/server/controllers/bagit_profiles_controller.go:43.41,45.25 2 1
github.com/APTrust/dart/v3/server/controllers/bagit_profiles_controller.go:45.25,48.3 2 0
github.com/APTrust/dart/v3/server/controllers/bagit_profiles_controller.go:49.2,51.16 3 1
github.com/APTrust/dart/v3/server/controllers/bagit_profiles_controller.go:51.16,53.3 1 0
github.com/APTrust/dart/v3/server/controllers/bagit_profiles_controller.go:54.2,59.29 3 1
github.com/APTrust/dart/v3/server/controllers/bagit_profiles_controller.go:63.39,65.25 2 4
github.com/APTrust/dart/v3/server/controllers/bagit_profiles_controller.go:65.25,68.3 2 0
github.com/APTrust/dart/v3/server/controllers/bagit_profiles_controller.go:69.2,72.46 4 4
github.com/APTrust/dart/v3/server/controllers/bagit_profiles_controller.go:72.46,74.3 1 9
github.com/APTrust/dart/v3/server/controllers/bagit_profiles_controller.go:75.2,78.72 4 4
github.com/APTrust/dart/v3/server/controllers/bagit_profiles_controller.go:82.40,84.25 2 1
github.com/APTrust/dart/v3/server/controllers/bagit_profiles_controller.go:84.25,87.3 2 0
github.com/APTrust/dart/v3/server/controllers/bagit_profiles_controller.go:88.2,89.72 2 1
github.com/APTrust/dart/v3/server/controllers/bagit_profiles_controller.go:93.38,95.16 2 1
github.com/APTrust/dart/v3/server/controllers/bagit_profiles_controller.go:95.16,98.3 2 0
github.com/APTrust/dart/v3/server/controllers/bagit_profiles_controller.go:99.2,103.55 2 1
github.com/APTrust/dart/v3/server/controllers/bagit_profiles_controller.go:107.46,114.2 3 1
github.com/APTrust/dart/v3/server/controllers/bagit_profiles_controller.go:117.41,127.16 6 5
github.com/APTrust/dart/v3/server/controllers/bagit_profiles_controller.go:127.16,129.46 2 3
github.com/APTrust/dart/v3/server/controllers/bagit_profiles_controller.go:129.46,131.4 1 3
github.com/APTrust/dart/v3/server/controllers/bagit_profiles_controller.go:132.3,136.9 3 3
github.com/APTrust/dart/v3/server/controllers/bagit_profiles_controller.go:138.2,140.16 3 2
github.com/APTrust/dart/v3/server/controllers/bagit_profiles_controller.go:140.16,147.3 3 0
github.com/APTrust/dart/v3/server/controllers/bagit_profiles_controller.go:148.2,148.85 1 2
github.com/APTrust/dart/v3/server/controllers/bagit_profiles_controller.go:152.41,154.25 2 1
github.com/APTrust/dart/v3/server/controllers/bagit_profiles_controller.go:154.25,157.3 2 0
github.com/APTrust/dart/v3/server/controllers/bagit_profiles_controller.go:158.2,160.16 3 1
github.com/APTrust/dart/v3/server/controllers/bagit_profiles_controller.go:160.16,163.3 2 0
github.com/APTrust/dart/v3/server/controllers/bagit_profiles_controller.go:164.2,167.66 2 1
github.com/APTrust/dart/v3/server/controllers/bagit_profiles_controller.go:172.39,177.34 3 1
github.com/APTrust/dart/v3/server/controllers/bagit_profiles_controller.go:177.34,179.3 1 1
github.com/APTrust/dart/v3/server/controllers/bagit_profiles_controller.go:181.2,182.16 2 1
github.com/APTrust/dart/v3/server/controllers/bagit_profiles_controller.go:182.16,185.3 2 0
github.com/APTrust/dart/v3/server/controllers/bagit_profiles_controller.go:188.2,188.39 1 1
github.com/APTrust/dart/v3/server/controllers/bagit_profiles_controller.go:188.39,191.26 3 1
github.com/APTrust/dart/v3/server/controllers/bagit_profiles_controller.go:191.26,193.4 1 1
github.com/APTrust/dart/v3/server/controllers/bagit_profiles_controller.go:194.3,194.36 1 1
github.com/APTrust/dart/v3/server/controllers/bagit_profiles_controller.go:196.2,197.16 2 1
github.com/APTrust/dart/v3/server/controllers/bagit_profiles_controller.go:197.16,208.3 4 0
github.com/APTrust/dart/v3/server/controllers/bagit_profiles_controller.go:209.2,209.43 1 1
github.com/APTrust/dart/v3/server/controllers/bagit_profiles_controller.go:213.41,227.2 3 1
github.com/APTrust/dart/v3/server/controllers/bagit_profiles_controller.go:230.42,233.16 2 1
github.com/APTrust/dart/v3/server/controllers/bagit_profiles_controller.go:233.16,236.3 2 0
github.com/APTrust/dart/v3/server/controllers/bagit_profiles_controller.go:238.2,245.65 2 1
github.com/APTrust/dart/v3/server/controllers/bagit_profiles_controller.go:250.42,252.16 2 1
github.com/APTrust/dart/v3/server/controllers/bagit_profiles_controller.go:252.16,255.3 2 0
github.com/APTrust/dart/v3/server/controllers/bagit_profiles_controller.go:256.2,256.16 1 1
github.com/APTrust/dart/v3/server/controllers/bagit_profiles_controller.go:256.16,258.3 1 0
github.com/APTrust/dart/v3/server/controllers/bagit_profiles_controller.go:259.2,266.21 3 1
github.com/APTrust/dart/v3/server/controllers/bagit_profiles_controller.go:266.21,275.3 3 0
github.com/APTrust/dart/v3/server/controllers/bagit_profiles_controller.go:280.2,281.43 2 1
github.com/APTrust/dart/v3/server/controllers/bagit_profiles_controller.go:281.43,282.31 1 14
github.com/APTrust/dart/v3/server/controllers/bagit_profiles_controller.go:282.31,285.9 3 1
github.com/APTrust/dart/v3/server/controllers/bagit_profiles_controller.go:288.2,288.16 1 1
github.com/APTrust/dart/v3/server/controllers/bagit_profiles_controller.go:288.16,290.3 1 0
github.com/APTrust/dart/v3/server/controllers/bagit_profiles_controller.go:295.2,296.16 2 1
github.com/APTrust/dart/v3/server/controllers/bagit_profiles_controller.go:296.16,299.3 2 0
github.com/APTrust/dart/v3/server/controllers/bagit_profiles_controller.go:305.2,312.29 5 1
github.com/APTrust/dart/v3/server/controllers/bagit_profiles_controller.go:317.44,319.16 2 1
github.com/APTrust/dart/v3/server/controllers/bagit_profiles_controller.go:319.16,322.3 2 0
github.com/APTrust/dart/v3/server/controllers/bagit_profiles_controller.go:323.2,324.38 2 1
github.com/APTrust/dart/v3/server/controllers/bagit_profiles_controller.go:324.38,325.26 1 8
github.com/APTrust/dart/v3/server/controllers/bagit_profiles_controller.go:325.26,327.9 2 1
github.com/APTrust/dart/v3/server/controllers/bagit_profiles_controller.go:330.2,330.18 1 1
github.com/APTrust/dart/v3/server/controllers/bagit_profiles_controller.go:330.18,333.3 2 0
github.com/APTrust/dart/v3/server/controllers/bagit_profiles_controller.go:334.2,336.16 3 1
github.com/APTrust/dart/v3/server/controllers/bagit_profiles_controller.go:336.16,339.3 2 0
github.com/APTrust/dart/v3/server/controllers/bagit_profiles_controller.go:340.2,347.29 5 1
github.com/APTrust/dart/v3/server/controllers/bagit_profiles_controller.go:351.45,359.2 3 1
github.com/APTrust/dart/v3/server/controllers/bagit_profiles_controller.go:362.48,365.23 3 1
github.com/APTrust/dart/v3/server/controllers/bagit_profiles_controller.go:365.23,374.3 4 0
github.com/APTrust/dart/v3/server/controllers/bagit_profiles_controller.go:375.2,376.25 2 1
github.com/APTrust/dart/v3/server/controllers/bagit_profiles_controller.go:376.25,379.3 2 0
github.com/APTrust/dart/v3/server/controllers/bagit_profiles_controller.go:380.2,382.16 3 1
github.com/APTrust/dart/v3/server/controllers/bagit_profiles_controller.go:382.16,385.3 2 0
github.com/APTrust/dart/v3/server/controllers/bagit_profiles_controller.go:386.2,386.19 1 1
github.com/APTrust/dart/v3/server/controllers/bagit_profiles_controller.go:386.19,395.3 4 0
github.com/APTrust/dart/v3/server/controllers/bagit_profiles_controller.go:397.2,406.16 4 1
github.com/APTrust/dart/v3/server/controllers/bagit_profiles_controller.go:406.16,409.3 2 0
github.com/APTrust/dart/v3/server/controllers/bagit_profiles_controller.go:411.2,418.29 5 1
github.com/APTrust/dart/v3/server/controllers/bagit_profiles_controller.go:423.48,425.65 2 1
github.com/APTrust/dart/v3/server/controllers/bagit_profiles_controller.go:425.65,428.3 2 0
github.com/APTrust/dart/v3/server/controllers/bagit_profiles_controller.go:429.2,430.25 2 1
github.com/APTrust/dart/v3/server/controllers/bagit_profiles_controller.go:430.25,433.3 2 0
github.com/APTrust/dart/v3/server/controllers/bagit_profiles_controller.go:434.2,436.35 3 1
github.com/APTrust/dart/v3/server/controllers/bagit_profiles_controller.go:436.35,437.33 1 18
github.com/APTrust/dart/v3/server/controllers/bagit_profiles_controller.go:437.33,439.4 1 17
github.com/APTrust/dart/v3/server/controllers/bagit_profiles_controller.go:441.2,443.16 3 1
github.com/APTrust/dart/v3/server/controllers/bagit_profiles_controller.go:443.16,446.3 2 0
github.com/APTrust/dart/v3/server/controllers/bagit_profiles_controller.go:449.2,456.29 5 1
github.com/APTrust/dart/v3/server/controllers/bagit_profiles_controller.go:459.89,461.25 2 3
github.com/APTrust/dart/v3/server/controllers/bagit_profiles_controller.go:461.25,463.3 1 0
github.com/APTrust/dart/v3/server/controllers/bagit_profiles_controller.go:464.2,466.26 3 3
github.com/APTrust/dart/v3/server/controllers/bagit_profiles_controller.go:469.63,474.2 4 2
github.com/APTrust/dart/v3/server/controllers/cookies.go:8.53,10.2 1 15
github.com/APTrust/dart/v3/server/controllers/cookies.go:12.44,15.2 2 24
github.com/APTrust/dart/v3/server/controllers/dashboard_controller.go:24.36,29.25 2 0
github.com/APTrust/dart/v3/server/controllers/dashboard_controller.go:29.25,32.3 2 0
github.com/APTrust/dart/v3/server/controllers/dashboard_controller.go:34.2,36.22 3 0
github.com/APTrust/dart/v3/server/controllers/dashboard_controller.go:36.22,38.3 1 0
github.com/APTrust/dart/v3/server/controllers/dashboard_controller.go:40.2,47.52 2 0
github.com/APTrust/dart/v3/server/controllers/dashboard_controller.go:58.41,65.16 7 0
github.com/APTrust/dart/v3/server/controllers/dashboard_controller.go:65.16,69.3 3 0
github.com/APTrust/dart/v3/server/controllers/dashboard_controller.go:70.2,75.22 2 0
github.com/APTrust/dart/v3/server/controllers/dashboard_controller.go:78.55,81.25 3 0
github.com/APTrust/dart/v3/server/controllers/dashboard_controller.go:81.25,83.3 1 0
github.com/APTrust/dart/v3/server/controllers/dashboard_controller.go:84.2,84.49 1 0
github.com/APTrust/dart/v3/server/controllers/dashboard_controller.go:84.49,85.40 1 0
github.com/APTrust/dart/v3/server/controllers/dashboard_controller.go:85.40,87.18 2 0
github.com/APTrust/dart/v3/server/controllers/dashboard_controller.go:87.18,89.13 2 0
github.com/APTrust/dart/v3/server/controllers/dashboard_controller.go:91.4,91.37 1 0
github.com/APTrust/dart/v3/server/controllers/dashboard_controller.go:91.37,99.5 2 0
github.com/APTrust/dart/v3/server/controllers/dashboard_controller.go:102.2,102.21 1 0
github.com/APTrust/dart/v3/server/controllers/dashboard_controller.go:105.69,107.25 2 0
github.com/APTrust/dart/v3/server/controllers/dashboard_controller.go:107.25,109.3 1 0
github.com/APTrust/dart/v3/server/controllers/dashboard_controller.go:110.2,112.16 3 0
github.com/APTrust/dart/v3/server/controllers/dashboard_controller.go:112.16,114.3 1 0
github.com/APTrust/dart/v3/server/controllers/dashboard_controller.go:115.2,115.41 1 0
github.com/APTrust/dart/v3/server/controllers/error_controller.go:11.64,15.2 3 1
github.com/APTrust/dart/v3/server/controllers/error_controller.go:17.64,21.2 3 0
github.com/APTrust/dart/v3/server/controllers/error_controller.go:23.65,27.2 3 0
github.com/APTrust/dart/v3/server/controllers/error_controller.go:29.39,32.26 3 1
github.com/APTrust/dart/v3/server/controllers/error_controller.go:32.26,34.3 1 1
github.com/APTrust/dart/v3/server/controllers/error_controller.go:35.2,39.13 2 1
github.com/APTrust/dart/v3/server/controllers/error_controller.go:42.61,45.2 2 1
github.com/APTrust/dart/v3/server/controllers/files_controller.go:11.38,13.16 2 1
github.com/APTrust/dart/v3/server/controllers/files_controller.go:13.16,16.3 2 0
github.com/APTrust/dart/v3/server/controllers/files_controller.go:17.2,17.67 1 1
github.com/APTrust/dart/v3/server/controllers/files_controller.go:20.53,24.16 4 15
github.com/APTrust/dart/v3/server/controllers/files_controller.go:24.16,26.3 1 0
github.com/APTrust/dart/v3/server/controllers/files_controller.go:27.2,39.8 4 15
github.com/APTrust/dart/v3/server/controllers/internal_settings_controller.go:10.43,12.25 2 1
github.com/APTrust/dart/v3/server/controllers/internal_settings_controller.go:12.25,15.3 2 0
github.com/APTrust/dart/v3/server/controllers/internal_settings_controller.go:16.2,17.75 2 1
github.com/APTrust/dart/v3/server/controllers/job_artifacts_controller.go:12.39,15.16 3 1
github.com/APTrust/dart/v3/server/controllers/job_artifacts_controller.go:15.16,17.3 1 0
github.com/APTrust/dart/v3/server/controllers/job_artifacts_controller.go:18.2,19.25 2 1
github.com/APTrust/dart/v3/server/controllers/job_artifacts_controller.go:19.25,21.3 1 0
github.com/APTrust/dart/v3/server/controllers/job_artifacts_controller.go:22.2,27.50 2 1
github.com/APTrust/dart/v3/server/controllers/job_artifacts_controller.go:31.38,33.16 2 1
github.com/APTrust/dart/v3/server/controllers/job_artifacts_controller.go:33.16,36.3 2 0
github.com/APTrust/dart/v3/server/controllers/job_artifacts_controller.go:37.2,38.16 2 1
github.com/APTrust/dart/v3/server/controllers/job_artifacts_controller.go:38.16,40.3 1 0
github.com/APTrust/dart/v3/server/controllers/job_artifacts_controller.go:41.2,42.25 2 1
github.com/APTrust/dart/v3/server/controllers/job_artifacts_controller.go:42.25,44.3 1 0
github.com/APTrust/dart/v3/server/controllers/job_artifacts_controller.go:46.2,55.50 3 1
github.com/APTrust/dart/v3/server/controllers/job_files_controller.go:17.35,19.16 2 3
github.com/APTrust/dart/v3/server/controllers/job_files_controller.go:19.16,22.3 2 0
github.com/APTrust/dart/v3/server/controllers/job_files_controller.go:23.2,25.16 3 3
github.com/APTrust/dart/v3/server/controllers/job_files_controller.go:25.16,28.3 2 1
github.com/APTrust/dart/v3/server/controllers/job_files_controller.go:29.2,32.26 4 2
github.com/APTrust/dart/v3/server/controllers/job_files_controller.go:32.26,34.3 1 2
github.com/APTrust/dart/v3/server/controllers/job_files_controller.go:36.2,42.26 6 2
github.com/APTrust/dart/v3/server/controllers/job_files_controller.go:42.26,44.26 2 0
github.com/APTrust/dart/v3/server/controllers/job_files_controller.go:44.26,46.4 1 0
github.com/APTrust/dart/v3/server/controllers/job_files_controller.go:46.9,48.4 1 0
github.com/APTrust/dart/v3/server/controllers/job_files_controller.go:51.2,51.55 1 2
github.com/APTrust/dart/v3/server/controllers/job_files_controller.go:55.33,58.25 3 1
github.com/APTrust/dart/v3/server/controllers/job_files_controller.go:58.25,61.3 2 0
github.com/APTrust/dart/v3/server/controllers/job_files_controller.go:62.2,64.53 3 1
github.com/APTrust/dart/v3/server/controllers/job_files_controller.go:64.53,65.28 1 3
github.com/APTrust/dart/v3/server/controllers/job_files_controller.go:65.28,67.9 2 0
github.com/APTrust/dart/v3/server/controllers/job_files_controller.go:70.2,70.15 1 1
github.com/APTrust/dart/v3/server/controllers/job_files_controller.go:70.15,73.17 3 1
github.com/APTrust/dart/v3/server/controllers/job_files_controller.go:73.17,76.4 2 0
github.com/APTrust/dart/v3/server/controllers/job_files_controller.go:78.2,81.89 4 1
github.com/APTrust/dart/v3/server/controllers/job_files_controller.go:85.36,88.25 3 1
github.com/APTrust/dart/v3/server/controllers/job_files_controller.go:88.25,91.3 2 0
github.com/APTrust/dart/v3/server/controllers/job_files_controller.go:92.2,94.53 3 1
github.com/APTrust/dart/v3/server/controllers/job_files_controller.go:94.53,95.31 1 2
github.com/APTrust/dart/v3/server/controllers/job_files_controller.go:95.31,97.9 2 1
github.com/APTrust/dart/v3/server/controllers/job_files_controller.go:100.2,100.16 1 1
github.com/APTrust/dart/v3/server/controllers/job_files_controller.go:100.16,103.17 3 1
github.com/APTrust/dart/v3/server/controllers/job_files_controller.go:103.17,106.4 2 0
github.com/APTrust/dart/v3/server/controllers/job_files_controller.go:108.2,111.89 4 1
github.com/APTrust/dart/v3/server/controllers/job_files_controller.go:114.67,117.19 3 14
github.com/APTrust/dart/v3/server/controllers/job_files_controller.go:117.19,119.3 1 14
github.com/APTrust/dart/v3/server/controllers/job_files_controller.go:119.8,121.3 1 0
github.com/APTrust/dart/v3/server/controllers/job_files_controller.go:122.2,122.21 1 14
github.com/APTrust/dart/v3/server/controllers/job_files_controller.go:125.91,127.16 2 3
github.com/APTrust/dart/v3/server/controllers/job_files_controller.go:127.16,129.3 1 0
github.com/APTrust/dart/v3/server/controllers/job_files_controller.go:130.2,131.25 2 3
github.com/APTrust/dart/v3/server/controllers/job_files_controller.go:131.25,133.3 1 1
github.com/APTrust/dart/v3/server/controllers/job_files_controller.go:134.2,134.35 1 2
github.com/APTrust/dart/v3/server/controllers/job_files_controller.go:137.52,141.20 4 15
github.com/APTrust/dart/v3/server/controllers/job_files_controller.go:141.20,143.3 1 15
github.com/APTrust/dart/v3/server/controllers/job_files_controller.go:144.2,144.30 1 15
github.com/APTrust/dart/v3/server/controllers/job_files_controller.go:144.30,146.3 1 0
github.com/APTrust/dart/v3/server/controllers/job_files_controller.go:147.2,147.31 1 15
github.com/APTrust/dart/v3/server/controllers/job_files_controller.go:147.31,150.3 2 14
github.com/APTrust/dart/v3/server/controllers/job_files_controller.go:151.2,151.38 1 15
github.com/APTrust/dart/v3/server/controllers/job_metadata_controller.go:22.38,24.25 2 3
github.com/APTrust/dart/v3/server/controllers/job_metadata_controller.go:24.25,27.3 2 0
github.com/APTrust/dart/v3/server/controllers/job_metadata_controller.go:28.2,32.26 4 3
github.com/APTrust/dart/v3/server/controllers/job_metadata_controller.go:32.26,34.26 2 0
github.com/APTrust/dart/v3/server/controllers/job_metadata_controller.go:34.26,36.4 1 0
github.com/APTrust/dart/v3/server/controllers/job_metadata_controller.go:36.9,38.4 1 0
github.com/APTrust/dart/v3/server/controllers/job_metadata_controller.go:41.2,48.50 2 3
github.com/APTrust/dart/v3/server/controllers/job_metadata_controller.go:52.38,54.25 2 2
github.com/APTrust/dart/v3/server/controllers/job_metadata_controller.go:54.25,57.3 2 0
github.com/APTrust/dart/v3/server/controllers/job_metadata_controller.go:58.2,59.47 2 2
github.com/APTrust/dart/v3/server/controllers/job_metadata_controller.go:59.47,61.3 1 28
github.com/APTrust/dart/v3/server/controllers/job_metadata_controller.go:62.2,63.16 2 2
github.com/APTrust/dart/v3/server/controllers/job_metadata_controller.go:63.16,66.3 2 0
github.com/APTrust/dart/v3/server/controllers/job_metadata_controller.go:68.2,74.29 3 2
github.com/APTrust/dart/v3/server/controllers/job_metadata_controller.go:74.29,77.3 2 1
github.com/APTrust/dart/v3/server/controllers/job_metadata_controller.go:78.2,78.66 1 2
github.com/APTrust/dart/v3/server/controllers/job_metadata_controller.go:78.66,87.3 3 0
github.com/APTrust/dart/v3/server/controllers/job_metadata_controller.go:88.2,88.40 1 2
github.com/APTrust/dart/v3/server/controllers/job_metadata_controller.go:92.32,106.2 4 1
github.com/APTrust/dart/v3/server/controllers/job_metadata_controller.go:109.33,111.25 2 1
github.com/APTrust/dart/v3/server/controllers/job_metadata_controller.go:111.25,114.3 2 0
github.com/APTrust/dart/v3/server/controllers/job_metadata_controller.go:115.2,118.16 4 1
github.com/APTrust/dart/v3/server/controllers/job_metadata_controller.go:118.16,121.3 2 0
github.com/APTrust/dart/v3/server/controllers/job_metadata_controller.go:122.2,122.24 1 1
github.com/APTrust/dart/v3/server/controllers/job_metadata_controller.go:122.24,130.3 4 0
github.com/APTrust/dart/v3/server/controllers/job_metadata_controller.go:131.2,137.16 7 1
github.com/APTrust/dart/v3/server/controllers/job_metadata_controller.go:137.16,140.3 2 0
github.com/APTrust/dart/v3/server/controllers/job_metadata_controller.go:142.2,146.29 2 1
github.com/APTrust/dart/v3/server/controllers/job_metadata_controller.go:150.35,152.32 2 1
github.com/APTrust/dart/v3/server/controllers/job_metadata_controller.go:152.32,155.3 2 0
github.com/APTrust/dart/v3/server/controllers/job_metadata_controller.go:156.2,157.25 2 1
github.com/APTrust/dart/v3/server/controllers/job_metadata_controller.go:157.25,160.3 2 0
github.com/APTrust/dart/v3/server/controllers/job_metadata_controller.go:161.2,163.47 3 1
github.com/APTrust/dart/v3/server/controllers/job_metadata_controller.go:163.47,164.25 1 15
github.com/APTrust/dart/v3/server/controllers/job_metadata_controller.go:164.25,166.4 1 14
github.com/APTrust/dart/v3/server/controllers/job_metadata_controller.go:168.2,170.16 3 1
github.com/APTrust/dart/v3/server/controllers/job_metadata_controller.go:170.16,173.3 2 0
github.com/APTrust/dart/v3/server/controllers/job_metadata_controller.go:174.2,178.29 2 1
github.com/APTrust/dart/v3/server/controllers/job_metadata_controller.go:181.69,185.43 3 3
github.com/APTrust/dart/v3/server/controllers/job_metadata_controller.go:185.43,192.34 3 10
github.com/APTrust/dart/v3/server/controllers/job_metadata_controller.go:192.34,194.68 2 43
github.com/APTrust/dart/v3/server/controllers/job_metadata_controller.go:194.68,196.5 1 24
github.com/APTrust/dart/v3/server/controllers/job_metadata_controller.go:197.4,208.18 2 43
github.com/APTrust/dart/v3/server/controllers/job_metadata_controller.go:208.18,210.5 1 0
github.com/APTrust/dart/v3/server/controllers/job_metadata_controller.go:211.4,211.72 1 43
github.com/APTrust/dart/v3/server/controllers/job_metadata_controller.go:211.72,213.5 1 6
github.com/APTrust/dart/v3/server/controllers/job_metadata_controller.go:214.4,214.29 1 43
github.com/APTrust/dart/v3/server/controllers/job_metadata_controller.go:214.29,216.5 1 1
github.com/APTrust/dart/v3/server/controllers/job_metadata_controller.go:217.4,217.29 1 43
github.com/APTrust/dart/v3/server/controllers/job_metadata_controller.go:217.29,219.5 1 1
github.com/APTrust/dart/v3/server/controllers/job_metadata_controller.go:220.4,220.30 1 43
github.com/APTrust/dart/v3/server/controllers/job_metadata_controller.go:220.30,222.5 1 1
github.com/APTrust/dart/v3/server/controllers/job_metadata_controller.go:223.4,223.30 1 43
github.com/APTrust/dart/v3/server/controllers/job_metadata_controller.go:223.30,225.5 1 9
github.com/APTrust/dart/v3/server/controllers/job_metadata_controller.go:226.4,226.37 1 43
github.com/APTrust/dart/v3/server/controllers/job_metadata_controller.go:228.3,228.32 1 10
github.com/APTrust/dart/v3/server/controllers/job_metadata_controller.go:230.2,230.17 1 3
github.com/APTrust/dart/v3/server/controllers/job_metadata_controller.go:233.58,235.36 2 28
github.com/APTrust/dart/v3/server/controllers/job_metadata_controller.go:235.36,237.3 1 0
github.com/APTrust/dart/v3/server/controllers/job_metadata_controller.go:238.2,238.93 1 28
github.com/APTrust/dart/v3/server/controllers/job_metadata_controller.go:238.93,240.3 1 0
github.com/APTrust/dart/v3/server/controllers/job_metadata_controller.go:241.2,241.11 1 28
github.com/APTrust/dart/v3/server/controllers/job_metadata_controller.go:244.54,245.30 1 2
github.com/APTrust/dart/v3/server/controllers/job_metadata_controller.go:245.30,246.37 1 28
github.com/APTrust/dart/v3/server/controllers/job_metadata_controller.go:246.37,248.4 1 0
github.com/APTrust/dart/v3/server/controllers/job_metadata_controller.go:250.2,250.14 1 2
github.com/APTrust/dart/v3/server/controllers/job_packaging_controller.go:16.39,18.25 2 1
github.com/APTrust/dart/v3/server/controllers/job_packaging_controller.go:18.25,21.3 2 0
github.com/APTrust/dart/v3/server/controllers/job_packaging_controller.go:22.2,24.16 3 1
github.com/APTrust/dart/v3/server/controllers/job_packaging_controller.go:24.16,27.3 2 1
github.com/APTrust/dart/v3/server/controllers/job_packaging_controller.go:29.2,30.26 2 1
github.com/APTrust/dart/v3/server/controllers/job_packaging_controller.go:30.26,32.26 2 0
github.com/APTrust/dart/v3/server/controllers/job_packaging_controller.go:32.26,34.4 1 0
github.com/APTrust/dart/v3/server/controllers/job_packaging_controller.go:34.9,36.4 1 0
github.com/APTrust/dart/v3/server/controllers/job_packaging_controller.go:39.2,48.51 2 1
github.com/APTrust/dart/v3/server/controllers/job_packaging_controller.go:52.39,56.29 4 1
github.com/APTrust/dart/v3/server/controllers/job_packaging_controller.go:56.29,58.3 1 0
github.com/APTrust/dart/v3/server/controllers/job_packaging_controller.go:60.2,61.25 2 1
github.com/APTrust/dart/v3/server/controllers/job_packaging_controller.go:61.25,64.3 2 0
github.com/APTrust/dart/v3/server/controllers/job_packaging_controller.go:65.2,72.26 7 1
github.com/APTrust/dart/v3/server/controllers/job_packaging_controller.go:72.26,74.3 1 0
github.com/APTrust/dart/v3/server/controllers/job_packaging_controller.go:74.8,74.77 1 1
github.com/APTrust/dart/v3/server/controllers/job_packaging_controller.go:74.77,76.33 2 1
github.com/APTrust/dart/v3/server/controllers/job_packaging_controller.go:76.33,80.4 3 0
github.com/APTrust/dart/v3/server/controllers/job_packaging_controller.go:81.3,81.50 1 1
github.com/APTrust/dart/v3/server/controllers/job_packaging_controller.go:84.2,84.29 1 1
github.com/APTrust/dart/v3/server/controllers/job_packaging_controller.go:84.29,86.3 1 0
github.com/APTrust/dart/v3/server/controllers/job_packaging_controller.go:86.8,88.3 1 1
github.com/APTrust/dart/v3/server/controllers/job_packaging_controller.go:90.2,90.25 1 1
github.com/APTrust/dart/v3/server/controllers/job_packaging_controller.go:90.25,92.10 2 1
github.com/APTrust/dart/v3/server/controllers/job_packaging_controller.go:92.10,97.49 2 0
github.com/APTrust/dart/v3/server/controllers/job_packaging_controller.go:97.49,100.5 2 0
github.com/APTrust/dart/v3/server/controllers/job_packaging_controller.go:101.4,110.10 5 0
github.com/APTrust/dart/v3/server/controllers/job_packaging_controller.go:114.2,115.16 2 1
github.com/APTrust/dart/v3/server/controllers/job_packaging_controller.go:115.16,118.3 2 0
github.com/APTrust/dart/v3/server/controllers/job_packaging_controller.go:119.2,119.40 1 1
github.com/APTrust/dart/v3/server/controllers/job_packaging_controller.go:122.52,126.25 3 1
github.com/APTrust/dart/v3/server/controllers/job_packaging_controller.go:126.25,129.3 2 0
github.com/APTrust/dart/v3/server/controllers/job_packaging_controller.go:130.2,130.47 1 1
github.com/APTrust/dart/v3/server/controllers/job_packaging_controller.go:130.47,131.104 1 1
github.com/APTrust/dart/v3/server/controllers/job_packaging_controller.go:131.104,133.4 1 1
github.com/APTrust/dart/v3/server/controllers/job_packaging_controller.go:135.2,135.19 1 1
github.com/APTrust/dart/v3/server/controllers/job_run_controller.go:16.33,18.25 2 1
github.com/APTrust/dart/v3/server/controllers/job_run_controller.go:18.25,21.3 2 0
github.com/APTrust/dart/v3/server/controllers/job_run_controller.go:22.2,28.26 6 1
github.com/APTrust/dart/v3/server/controllers/job_run_controller.go:28.26,30.26 2 0
github.com/APTrust/dart/v3/server/controllers/job_run_controller.go:30.26,32.4 1 0
github.com/APTrust/dart/v3/server/controllers/job_run_controller.go:32.9,34.4 1 0
github.com/APTrust/dart/v3/server/controllers/job_run_controller.go:37.2,47.45 2 1
github.com/APTrust/dart/v3/server/controllers/job_run_controller.go:55.36,58.25 2 1
github.com/APTrust/dart/v3/server/controllers/job_run_controller.go:58.25,61.3 2 0
github.com/APTrust/dart/v3/server/controllers/job_run_controller.go:62.2,74.12 3 1
github.com/APTrust/dart/v3/server/controllers/job_run_controller.go:74.12,100.35 6 1
github.com/APTrust/dart/v3/server/controllers/job_run_controller.go:100.35,102.4 1 1
github.com/APTrust/dart/v3/server/controllers/job_run_controller.go:103.3,108.33 2 1
github.com/APTrust/dart/v3/server/controllers/job_run_controller.go:116.2,116.37 1 1
github.com/APTrust/dart/v3/server/controllers/job_run_controller.go:116.37,117.38 1 3816
github.com/APTrust/dart/v3/server/controllers/job_run_controller.go:117.38,119.54 2 3816
github.com/APTrust/dart/v3/server/controllers/job_run_controller.go:119.54,121.5 1 3815
github.com/APTrust/dart/v3/server/controllers/job_run_controller.go:123.3,124.17 2 1
github.com/APTrust/dart/v3/server/controllers/job_run_controller.go:124.17,126.4 1 0
github.com/APTrust/dart/v3/server/controllers/job_run_controller.go:127.3,127.15 1 1
github.com/APTrust/dart/v3/server/controllers/job_run_controller.go:137.2,150.18 3 1
github.com/APTrust/dart/v3/server/controllers/job_uploads_controller.go:14.36,16.25 2 1
github.com/APTrust/dart/v3/server/controllers/job_uploads_controller.go:16.25,19.3 2 0
github.com/APTrust/dart/v3/server/controllers/job_uploads_controller.go:20.2,22.16 3 1
github.com/APTrust/dart/v3/server/controllers/job_uploads_controller.go:22.16,25.3 2 0
github.com/APTrust/dart/v3/server/controllers/job_uploads_controller.go:27.2,28.26 2 1
github.com/APTrust/dart/v3/server/controllers/job_uploads_controller.go:28.26,30.26 2 0
github.com/APTrust/dart/v3/server/controllers/job_uploads_controller.go:30.26,32.4 1 0
github.com/APTrust/dart/v3/server/controllers/job_uploads_controller.go:32.9,34.4 1 0
github.com/APTrust/dart/v3/server/controllers/job_uploads_controller.go:37.2,43.49 2 1
github.com/APTrust/dart/v3/server/controllers/job_uploads_controller.go:47.36,49.25 2 2
github.com/APTrust/dart/v3/server/controllers/job_uploads_controller.go:49.25,52.3 2 0
github.com/APTrust/dart/v3/server/controllers/job_uploads_controller.go:53.2,56.41 4 2
github.com/APTrust/dart/v3/server/controllers/job_uploads_controller.go:56.41,58.28 2 6
github.com/APTrust/dart/v3/server/controllers/job_uploads_controller.go:58.28,61.4 2 0
github.com/APTrust/dart/v3/server/controllers/job_uploads_controller.go:62.3,62.108 1 6
github.com/APTrust/dart/v3/server/controllers/job_uploads_controller.go:71.2,72.16 2 2
github.com/APTrust/dart/v3/server/controllers/job_uploads_controller.go:72.16,75.3 2 0
github.com/APTrust/dart/v3/server/controllers/job_uploads_controller.go:76.2,78.29 3 2
github.com/APTrust/dart/v3/server/controllers/job_uploads_controller.go:78.29,80.3 1 1
github.com/APTrust/dart/v3/server/controllers/job_uploads_controller.go:81.2,81.40 1 2
github.com/APTrust/dart/v3/server/controllers/job_uploads_controller.go:84.62,89.16 5 2
github.com/APTrust/dart/v3/server/controllers/job_uploads_controller.go:89.16,91.3 1 0
github.com/APTrust/dart/v3/server/controllers/job_uploads_controller.go:92.2,93.18 2 2
github.com/APTrust/dart/v3/server/controllers/job_uploads_controller.go:96.81,98.25 2 2
github.com/APTrust/dart/v3/server/controllers/job_uploads_controller.go:98.25,100.3 1 0
github.com/APTrust/dart/v3/server/controllers/job_uploads_controller.go:101.2,102.44 2 2
github.com/APTrust/dart/v3/server/controllers/job_uploads_controller.go:102.44,104.15 2 12
github.com/APTrust/dart/v3/server/controllers/job_uploads_controller.go:104.15,106.12 2 0
github.com/APTrust/dart/v3/server/controllers/job_uploads_controller.go:108.3,108.23 1 12
github.com/APTrust/dart/v3/server/controllers/job_uploads_controller.go:108.23,110.4 1 0
github.com/APTrust/dart/v3/server/controllers/job_uploads_controller.go:110.9,117.4 2 12
github.com/APTrust/dart/v3/server/controllers/job_uploads_controller.go:119.2,119.21 1 2
github.com/APTrust/dart/v3/server/controllers/job_uploads_controller.go:122.53,124.41 2 4
github.com/APTrust/dart/v3/server/controllers/job_uploads_controller.go:124.41,125.37 1 10
github.com/APTrust/dart/v3/server/controllers/job_uploads_controller.go:125.37,127.4 1 10
github.com/APTrust/dart/v3/server/controllers/job_uploads_controller.go:129.2,129.17 1 4
github.com/APTrust/dart/v3/server/controllers/jobs_controller.go:21.32,24.25 3 1
github.com/APTrust/dart/v3/server/controllers/jobs_controller.go:24.25,27.3 2 0
github.com/APTrust/dart/v3/server/controllers/jobs_controller.go:28.2,29.16 2 1
github.com/APTrust/dart/v3/server/controllers/jobs_controller.go:29.16,32.3 2 0
github.com/APTrust/dart/v3/server/controllers/jobs_controller.go:33.2,34.16 2 1
github.com/APTrust/dart/v3/server/controllers/jobs_controller.go:34.16,38.3 3 0
github.com/APTrust/dart/v3/server/controllers/jobs_controller.go:39.2,40.39 2 1
github.com/APTrust/dart/v3/server/controllers/jobs_controller.go:44.31,46.25 2 1
github.com/APTrust/dart/v3/server/controllers/jobs_controller.go:46.25,49.3 2 0
github.com/APTrust/dart/v3/server/controllers/jobs_controller.go:50.2,51.62 2 1
github.com/APTrust/dart/v3/server/controllers/jobs_controller.go:55.29,58.16 3 1
github.com/APTrust/dart/v3/server/controllers/jobs_controller.go:58.16,61.3 2 0
github.com/APTrust/dart/v3/server/controllers/jobs_controller.go:62.2,62.69 1 1
github.com/APTrust/dart/v3/server/controllers/jobs_controller.go:73.34,76.25 3 1
github.com/APTrust/dart/v3/server/controllers/jobs_controller.go:76.25,79.3 2 0
github.com/APTrust/dart/v3/server/controllers/jobs_controller.go:80.2,84.16 3 1
github.com/APTrust/dart/v3/server/controllers/jobs_controller.go:84.16,86.3 1 0
github.com/APTrust/dart/v3/server/controllers/jobs_controller.go:89.2,90.16 2 1
github.com/APTrust/dart/v3/server/controllers/jobs_controller.go:90.16,93.3 2 0
github.com/APTrust/dart/v3/server/controllers/jobs_controller.go:94.2,95.24 2 1
github.com/APTrust/dart/v3/server/controllers/jobs_controller.go:95.24,97.3 1 1
github.com/APTrust/dart/v3/server/controllers/jobs_controller.go:98.2,115.50 3 1
github.com/APTrust/dart/v3/server/controllers/pager.go:24.83,26.16 2 12
github.com/APTrust/dart/v3/server/controllers/pager.go:26.16,28.3 1 0
github.com/APTrust/dart/v3/server/controllers/pager.go:29.2,36.20 6 12
github.com/APTrust/dart/v3/server/controllers/pager.go:36.20,38.3 1 4
github.com/APTrust/dart/v3/server/controllers/pager.go:40.2,40.26 1 12
github.com/APTrust/dart/v3/server/controllers/pager.go:40.26,42.3 1 1
github.com/APTrust/dart/v3/server/controllers/pager.go:43.2,44.19 2 12
github.com/APTrust/dart/v3/server/controllers/pager.go:47.65,52.27 4 9
github.com/APTrust/dart/v3/server/controllers/pager.go:52.27,54.3 1 0
github.com/APTrust/dart/v3/server/controllers/pager.go:56.2,58.20 3 9
github.com/APTrust/dart/v3/server/controllers/pager.go:58.20,61.3 2 1
github.com/APTrust/dart/v3/server/controllers/pager.go:63.2,63.33 1 9
github.com/APTrust/dart/v3/server/controllers/pager.go:63.33,66.3 2 1
github.com/APTrust/dart/v3/server/controllers/remote_repositories_controller.go:13.45,15.25 2 1
github.com/APTrust/dart/v3/server/controllers/remote_repositories_controller.go:15.25,18.3 2 0
github.com/APTrust/dart/v3/server/controllers/remote_repositories_controller.go:19.2,20.16 2 1
github.com/APTrust/dart/v3/server/controllers/remote_repositories_controller.go:20.16,23.3 2 0
github.com/APTrust/dart/v3/server/controllers/remote_repositories_controller.go:24.2,25.54 2 1
github.com/APTrust/dart/v3/server/controllers/remote_repositories_controller.go:29.43,31.25 2 2
github.com/APTrust/dart/v3/server/controllers/remote_repositories_controller.go:31.25,34.3 2 0
github.com/APTrust/dart/v3/server/controllers/remote_repositories_controller.go:35.2,36.76 2 2
github.com/APTrust/dart/v3/server/controllers/remote_repositories_controller.go:40.44,42.25 2 1
github.com/APTrust/dart/v3/server/controllers/remote_repositories_controller.go:42.25,45.3 2 0
github.com/APTrust/dart/v3/server/controllers/remote_repositories_controller.go:46.2,47.76 2 1
github.com/APTrust/dart/v3/server/controllers/remote_repositories_controller.go:51.42,59.2 3 1
github.com/APTrust/dart/v3/server/controllers/remote_repositories_controller.go:64.43,67.16 3 3
github.com/APTrust/dart/v3/server/controllers/remote_repositories_controller.go:67.16,70.3 2 0
github.com/APTrust/dart/v3/server/controllers/remote_repositories_controller.go:71.2,72.16 2 3
github.com/APTrust/dart/v3/server/controllers/remote_repositories_controller.go:72.16,81.3 4 1
github.com/APTrust/dart/v3/server/controllers/remote_repositories_controller.go:82.2,83.54 2 2
github.com/APTrust/dart/v3/server/controllers/remote_repositories_controller.go:91.53,94.16 3 0
github.com/APTrust/dart/v3/server/controllers/remote_repositories_controller.go:94.16,97.3 2 0
github.com/APTrust/dart/v3/server/controllers/remote_repositories_controller.go:101.2,107.16 6 0
github.com/APTrust/dart/v3/server/controllers/remote_repositories_controller.go:107.16,111.3 3 0
github.com/APTrust/dart/v3/server/controllers/remote_repositories_controller.go:112.2,118.53 2 0
github.com/APTrust/dart/v3/server/controllers/request.go:31.42,33.34 2 23
github.com/APTrust/dart/v3/server/controllers/request.go:33.34,35.3 1 0
github.com/APTrust/dart/v3/server/controllers/request.go:36.2,46.16 4 23
github.com/APTrust/dart/v3/server/controllers/request.go:49.36,51.2 1 23
github.com/APTrust/dart/v3/server/controllers/request.go:53.41,55.24 2 23
github.com/APTrust/dart/v3/server/controllers/request.go:55.24,57.44 2 23
github.com/APTrust/dart/v3/server/controllers/request.go:57.44,59.4 1 8
github.com/APTrust/dart/v3/server/controllers/request.go:60.3,61.58 2 23
github.com/APTrust/dart/v3/server/controllers/request.go:65.33,69.23 4 23
github.com/APTrust/dart/v3/server/controllers/request.go:69.23,72.33 3 15
github.com/APTrust/dart/v3/server/controllers/request.go:72.33,75.4 2 0
github.com/APTrust/dart/v3/server/controllers/request.go:76.3,77.17 2 15
github.com/APTrust/dart/v3/server/controllers/request.go:77.17,79.4 1 0
github.com/APTrust/dart/v3/server/controllers/request.go:79.9,81.4 1 15
github.com/APTrust/dart/v3/server/controllers/request.go:82.8,84.37 2 8
github.com/APTrust/dart/v3/server/controllers/request.go:84.37,86.4 1 1
github.com/APTrust/dart/v3/server/controllers/request.go:87.3,90.33 4 8
github.com/APTrust/dart/v3/server/controllers/request.go:90.33,93.4 2 0
github.com/APTrust/dart/v3/server/controllers/request.go:94.3,95.17 2 8
github.com/APTrust/dart/v3/server/controllers/request.go:95.17,98.4 2 0
github.com/APTrust/dart/v3/server/controllers/request.go:99.3,100.34 2 8
github.com/APTrust/dart/v3/server/controllers/request.go:104.75,106.16 2 46
github.com/APTrust/dart/v3/server/controllers/request.go:106.16,108.3 1 46
github.com/APTrust/dart/v3/server/controllers/request.go:109.2,109.14 1 46
github.com/APTrust/dart/v3/server/controllers/request.go:112.40,116.24 4 63
github.com/APTrust/dart/v3/server/controllers/request.go:116.24,118.3 1 63
github.com/APTrust/dart/v3/server/controllers/request.go:119.2,119.19 1 63
github.com/APTrust/dart/v3/server/controllers/request.go:119.19,121.3 1 63
github.com/APTrust/dart/v3/server/controllers/request.go:122.2,122.16 1 63
github.com/APTrust/dart/v3/server/controllers/request.go:125.48,133.2 1 23
github.com/APTrust/dart/v3/server/controllers/settings_controller.go:22.42,24.25 2 1
github.com/APTrust/dart/v3/server/controllers/settings_controller.go:24.25,27.3 2 0
github.com/APTrust/dart/v3/server/controllers/settings_controller.go:28.2,29.67 2 1
github.com/APTrust/dart/v3/server/controllers/settings_controller.go:36.41,38.16 2 1
github.com/APTrust/dart/v3/server/controllers/settings_controller.go:38.16,41.3 2 0
github.com/APTrust/dart/v3/server/controllers/settings_controller.go:42.2,48.53 2 1
github.com/APTrust/dart/v3/server/controllers/settings_controller.go:54.41,56.16 2 1
github.com/APTrust/dart/v3/server/controllers/settings_controller.go:56.16,59.3 2 0
github.com/APTrust/dart/v3/server/controllers/settings_controller.go:60.2,68.16 3 1
github.com/APTrust/dart/v3/server/controllers/settings_controller.go:68.16,71.3 2 0
github.com/APTrust/dart/v3/server/controllers/settings_controller.go:73.2,74.16 2 1
github.com/APTrust/dart/v3/server/controllers/settings_controller.go:74.16,77.3 2 0
github.com/APTrust/dart/v3/server/controllers/settings_controller.go:79.2,79.43 1 1
github.com/APTrust/dart/v3/server/controllers/settings_controller.go:79.43,82.3 2 0
github.com/APTrust/dart/v3/server/controllers/settings_controller.go:84.2,85.90 2 1
github.com/APTrust/dart/v3/server/controllers/settings_controller.go:92.40,95.16 3 1
github.com/APTrust/dart/v3/server/controllers/settings_controller.go:95.16,98.3 2 0
github.com/APTrust/dart/v3/server/controllers/settings_controller.go:99.2,99.90 1 1
github.com/APTrust/dart/v3/server/controllers/settings_controller.go:105.43,107.16 2 1
github.com/APTrust/dart/v3/server/controllers/settings_controller.go:107.16,110.3 2 0
github.com/APTrust/dart/v3/server/controllers/settings_controller.go:111.2,112.16 2 1
github.com/APTrust/dart/v3/server/controllers/settings_controller.go:112.16,115.3 2 0
github.com/APTrust/dart/v3/server/controllers/settings_controller.go:116.2,117.50 2 1
github.com/APTrust/dart/v3/server/controllers/settings_controller.go:125.45,127.16 2 1
github.com/APTrust/dart/v3/server/controllers/settings_controller.go:127.16,130.3 2 0
github.com/APTrust/dart/v3/server/controllers/settings_controller.go:131.2,132.16 2 1
github.com/APTrust/dart/v3/server/controllers/settings_controller.go:132.16,135.3 2 0
github.com/APTrust/dart/v3/server/controllers/settings_controller.go:136.2,139.51 4 1
github.com/APTrust/dart/v3/server/controllers/settings_controller.go:139.51,141.3 1 1
github.com/APTrust/dart/v3/server/controllers/settings_controller.go:142.2,150.60 2 1
github.com/APTrust/dart/v3/server/controllers/settings_controller.go:157.48,159.16 2 1
github.com/APTrust/dart/v3/server/controllers/settings_controller.go:159.16,162.3 2 0
github.com/APTrust/dart/v3/server/controllers/settings_controller.go:163.2,169.16 4 1
github.com/APTrust/dart/v3/server/controllers/settings_controller.go:169.16,172.3 2 0
github.com/APTrust/dart/v3/server/controllers/settings_controller.go:173.2,180.55 2 1
github.com/APTrust/dart/v3/server/controllers/settings_controller.go:187.49,189.16 2 1
github.com/APTrust/dart/v3/server/controllers/settings_controller.go:189.16,192.3 2 0
github.com/APTrust/dart/v3/server/controllers/settings_controller.go:193.2,195.16 3 1
github.com/APTrust/dart/v3/server/controllers/settings_controller.go:195.16,198.3 2 0
github.com/APTrust/dart/v3/server/controllers/settings_controller.go:199.2,200.42 2 1
github.com/APTrust/dart/v3/server/controllers/settings_controller.go:200.42,201.52 1 0
github.com/APTrust/dart/v3/server/controllers/settings_controller.go:201.52,204.9 3 0
github.com/APTrust/dart/v3/server/controllers/settings_controller.go:207.2,207.12 1 1
github.com/APTrust/dart/v3/server/controllers/settings_controller.go:207.12,209.3 1 1
github.com/APTrust/dart/v3/server/controllers/settings_controller.go:210.2,211.16 2 1
github.com/APTrust/dart/v3/server/controllers/settings_controller.go:211.16,214.3 2 0
github.com/APTrust/dart/v3/server/controllers/settings_controller.go:221.2,225.29 2 1
github.com/APTrust/dart/v3/server/controllers/settings_controller.go:232.49,234.16 2 1
github.com/APTrust/dart/v3/server/controllers/settings_controller.go:234.16,237.3 2 0
github.com/APTrust/dart/v3/server/controllers/settings_controller.go:238.2,239.45 2 1
github.com/APTrust/dart/v3/server/controllers/settings_controller.go:239.45,240.37 1 1
github.com/APTrust/dart/v3/server/controllers/settings_controller.go:240.37,242.9 2 1
github.com/APTrust/dart/v3/server/controllers/settings_controller.go:245.2,247.16 3 1
github.com/APTrust/dart/v3/server/controllers/settings_controller.go:247.16,250.3 2 0
github.com/APTrust/dart/v3/server/controllers/settings_controller.go:251.2,258.55 2 1
github.com/APTrust/dart/v3/server/controllers/settings_controller.go:264.51,266.16 2 1
github.com/APTrust/dart/v3/server/controllers/settings_controller.go:266.16,269.3 2 0
github.com/APTrust/dart/v3/server/controllers/settings_controller.go:270.2,271.52 2 1
github.com/APTrust/dart/v3/server/controllers/settings_controller.go:271.52,272.44 1 1
github.com/APTrust/dart/v3/server/controllers/settings_controller.go:272.44,274.4 1 0
github.com/APTrust/dart/v3/server/controllers/settings_controller.go:276.2,278.16 3 1
github.com/APTrust/dart/v3/server/controllers/settings_controller.go:278.16,281.3 2 0
github.com/APTrust/dart/v3/server/controllers/settings_controller.go:282.2,283.43 2 1
github.com/APTrust/dart/v3/server/controllers/settings_controller.go:291.41,296.2 2 1
github.com/APTrust/dart/v3/server/controllers/settings_controller.go:305.40,307.27 2 4
github.com/APTrust/dart/v3/server/controllers/settings_controller.go:307.27,309.3 1 2
github.com/APTrust/dart/v3/server/controllers/settings_controller.go:309.8,311.3 1 2
github.com/APTrust/dart/v3/server/controllers/settings_controller.go:315.44,318.16 3 2
github.com/APTrust/dart/v3/server/controllers/settings_controller.go:318.16,321.3 2 0
github.com/APTrust/dart/v3/server/controllers/settings_controller.go:322.2,323.16 2 2
github.com/APTrust/dart/v3/server/controllers/settings_controller.go:323.16,326.3 2 0
github.com/APTrust/dart/v3/server/controllers/settings_controller.go:327.2,327.29 1 2
github.com/APTrust/dart/v3/server/controllers/settings_controller.go:332.45,335.2 2 2
github.com/APTrust/dart/v3/server/controllers/settings_controller.go:337.54,340.16 3 4
github.com/APTrust/dart/v3/server/controllers/settings_controller.go:340.16,343.3 2 0
github.com/APTrust/dart/v3/server/controllers/settings_controller.go:344.2,344.33 1 4
github.com/APTrust/dart/v3/server/controllers/settings_controller.go:344.33,346.3 1 2
github.com/APTrust/dart/v3/server/controllers/settings_controller.go:346.8,348.3 1 2
github.com/APTrust/dart/v3/server/controllers/settings_controller.go:352.73,354.16 2 2
github.com/APTrust/dart/v3/server/controllers/settings_controller.go:354.16,356.3 1 0
github.com/APTrust/dart/v3/server/controllers/settings_controller.go:357.2,361.63 2 2
github.com/APTrust/dart/v3/server/controllers/settings_controller.go:364.68,375.50 4 3
github.com/APTrust/dart/v3/server/controllers/settings_controller.go:375.50,378.17 3 3
github.com/APTrust/dart/v3/server/controllers/settings_controller.go:378.17,382.4 3 0
github.com/APTrust/dart/v3/server/controllers/settings_controller.go:383.3,383.56 1 3
github.com/APTrust/dart/v3/server/controllers/settings_controller.go:386.2,387.49 2 3
github.com/APTrust/dart/v3/server/controllers/settings_controller.go:387.49,390.17 3 6
github.com/APTrust/dart/v3/server/controllers/settings_controller.go:390.17,394.4 3 0
github.com/APTrust/dart/v3/server/controllers/settings_controller.go:395.3,395.50 1 6
github.com/APTrust/dart/v3/server/controllers/settings_controller.go:398.2,399.51 2 3
github.com/APTrust/dart/v3/server/controllers/settings_controller.go:399.51,402.17 3 3
github.com/APTrust/dart/v3/server/controllers/settings_controller.go:402.17,406.4 3 0
github.com/APTrust/dart/v3/server/controllers/settings_controller.go:407.3,407.44 1 3
github.com/APTrust/dart/v3/server/controllers/settings_controller.go:410.2,411.46 2 3
github.com/APTrust/dart/v3/server/controllers/settings_controller.go:411.46,414.17 3 6
github.com/APTrust/dart/v3/server/controllers/settings_controller.go:414.17,418.4 3 0
github.com/APTrust/dart/v3/server/controllers/settings_controller.go:419.3,419.40 1 6
github.com/APTrust/dart/v3/server/controllers/settings_controller.go:422.2,423.14 2 3
github.com/APTrust/dart/v3/server/controllers/settings_controller.go:423.14,425.3 1 0
github.com/APTrust/dart/v3/server/controllers/settings_controller.go:426.2,433.53 2 3
github.com/APTrust/dart/v3/server/controllers/settings_controller.go:441.44,445.16 4 1
github.com/APTrust/dart/v3/server/controllers/settings_controller.go:445.16,448.3 2 0
github.com/APTrust/dart/v3/server/controllers/settings_controller.go:450.2,450.46 1 1
github.com/APTrust/dart/v3/server/controllers/settings_controller.go:450.46,452.27 2 7
github.com/APTrust/dart/v3/server/controllers/settings_controller.go:453.33,454.58 1 1
github.com/APTrust/dart/v3/server/controllers/settings_controller.go:455.35,456.60 1 2
github.com/APTrust/dart/v3/server/controllers/settings_controller.go:457.39,458.58 1 1
github.com/APTrust/dart/v3/server/controllers/settings_controller.go:459.37,460.62 1 3
github.com/APTrust/dart/v3/server/controllers/settings_controller.go:462.3,462.17 1 7
github.com/APTrust/dart/v3/server/controllers/settings_controller.go:462.17,465.4 2 0
github.com/APTrust/dart/v3/server/controllers/settings_controller.go:471.2,471.29 1 1
github.com/APTrust/dart/v3/server/controllers/settings_controller.go:474.107,476.38 2 1
github.com/APTrust/dart/v3/server/controllers/settings_controller.go:476.38,478.35 2 1
github.com/APTrust/dart/v3/server/controllers/settings_controller.go:478.35,481.4 1 1
github.com/APTrust/dart/v3/server/controllers/settings_controller.go:483.2,483.12 1 1
github.com/APTrust/dart/v3/server/controllers/settings_controller.go:486.109,488.49 2 2
github.com/APTrust/dart/v3/server/controllers/settings_controller.go:488.49,489.31 1 4
github.com/APTrust/dart/v3/server/controllers/settings_controller.go:489.31,495.32 2 62
github.com/APTrust/dart/v3/server/controllers/settings_controller.go:495.32,499.5 2 2
github.com/APTrust/dart/v3/server/controllers/settings_controller.go:502.2,502.12 1 2
github.com/APTrust/dart/v3/server/controllers/settings_controller.go:505.107,507.45 2 1
github.com/APTrust/dart/v3/server/controllers/settings_controller.go:507.45,509.32 2 1
github.com/APTrust/dart/v3/server/controllers/settings_controller.go:509.32,512.4 1 1
github.com/APTrust/dart/v3/server/controllers/settings_controller.go:514.2,514.12 1 1
github.com/APTrust/dart/v3/server/controllers/settings_controller.go:517.111,519.42 2 3
github.com/APTrust/dart/v3/server/controllers/settings_controller.go:519.42,521.30 2 6
github.com/APTrust/dart/v3/server/controllers/settings_controller.go:521.30,522.78 1 3
github.com/APTrust/dart/v3/server/controllers/settings_controller.go:522.78,524.31 2 1
github.com/APTrust/dart/v3/server/controllers/settings_controller.go:524.31,526.6 1 0
github.com/APTrust/dart/v3/server/controllers/settings_controller.go:526.11,528.6 1 1
github.com/APTrust/dart/v3/server/controllers/settings_controller.go:529.10,529.39 1 2
github.com/APTrust/dart/v3/server/controllers/settings_controller.go:529.39,531.31 2 1
github.com/APTrust/dart/v3/server/controllers/settings_controller.go:531.31,533.6 1 0
github.com/APTrust/dart/v3/server/controllers/settings_controller.go:533.11,535.6 1 1
github.com/APTrust/dart/v3/server/controllers/settings_controller.go:536.10,539.5 1 1
github.com/APTrust/dart/v3/server/controllers/settings_controller.go:542.2,542.12 1 3
github.com/APTrust/dart/v3/server/controllers/settings_controller.go:561.94,564.54 2 1
github.com/APTrust/dart/v3/server/controllers/settings_controller.go:564.54,566.26 2 2
github.com/APTrust/dart/v3/server/controllers/settings_controller.go:566.26,568.4 1 0
github.com/APTrust/dart/v3/server/controllers/settings_controller.go:569.3,569.87 1 2
github.com/APTrust/dart/v3/server/controllers/settings_controller.go:572.2,573.56 2 1
github.com/APTrust/dart/v3/server/controllers/settings_controller.go:573.56,575.26 2 2
github.com/APTrust/dart/v3/server/controllers/settings_controller.go:575.26,577.4 1 0
github.com/APTrust/dart/v3/server/controllers/settings_controller.go:578.3,578.93 1 2
github.com/APTrust/dart/v3/server/controllers/settings_controller.go:581.2,582.61 2 1
github.com/APTrust/dart/v3/server/controllers/settings_controller.go:582.61,584.26 2 2
github.com/APTrust/dart/v3/server/controllers/settings_controller.go:584.26,586.4 1 0
github.com/APTrust/dart/v3/server/controllers/settings_controller.go:587.3,587.107 1 2
github.com/APTrust/dart/v3/server/controllers/settings_controller.go:590.2,591.58 2 1
github.com/APTrust/dart/v3/server/controllers/settings_controller.go:591.58,593.26 2 2
github.com/APTrust/dart/v3/server/controllers/settings_controller.go:593.26,595.4 1 0
github.com/APTrust/dart/v3/server/controllers/settings_controller.go:596.3,596.99 1 2
github.com/APTrust/dart/v3/server/controllers/settings_controller.go:599.2,599.12 1 1
github.com/APTrust/dart/v3/server/controllers/settings_controller.go:602.65,604.25 2 8
github.com/APTrust/dart/v3/server/controllers/settings_controller.go:604.25,606.3 1 0
github.com/APTrust/dart/v3/server/controllers/settings_controller.go:607.2,607.36 1 8
github.com/APTrust/dart/v3/server/controllers/storage_services_controller.go:13.43,15.25 2 1
github.com/APTrust/dart/v3/server/controllers/storage_services_controller.go:15.25,18.3 2 0
github.com/APTrust/dart/v3/server/controllers/storage_services_controller.go:19.2,20.16 2 1
github.com/APTrust/dart/v3/server/controllers/storage_services_controller.go:20.16,23.3 2 0
github.com/APTrust/dart/v3/server/controllers/storage_services_controller.go:24.2,25.51 2 1
github.com/APTrust/dart/v3/server/controllers/storage_services_controller.go:29.41,31.25 2 2
github.com/APTrust/dart/v3/server/controllers/storage_services_controller.go:31.25,34.3 2 0
github.com/APTrust/dart/v3/server/controllers/storage_services_controller.go:35.2,36.74 2 2
github.com/APTrust/dart/v3/server/controllers/storage_services_controller.go:40.42,42.25 2 1
github.com/APTrust/dart/v3/server/controllers/storage_services_controller.go:42.25,45.3 2 0
github.com/APTrust/dart/v3/server/controllers/storage_services_controller.go:46.2,47.74 2 1
github.com/APTrust/dart/v3/server/controllers/storage_services_controller.go:51.40,59.2 3 1
github.com/APTrust/dart/v3/server/controllers/storage_services_controller.go:64.41,67.16 3 4
github.com/APTrust/dart/v3/server/controllers/storage_services_controller.go:67.16,70.3 2 0
github.com/APTrust/dart/v3/server/controllers/storage_services_controller.go:71.2,72.16 2 4
github.com/APTrust/dart/v3/server/controllers/storage_services_controller.go:72.16,82.3 4 2
github.com/APTrust/dart/v3/server/controllers/storage_services_controller.go:83.2,84.51 2 2
github.com/APTrust/dart/v3/server/controllers/storage_services_controller.go:88.51,91.16 3 1
github.com/APTrust/dart/v3/server/controllers/storage_services_controller.go:91.16,94.3 2 0
github.com/APTrust/dart/v3/server/controllers/storage_services_controller.go:99.2,104.16 5 1
github.com/APTrust/dart/v3/server/controllers/storage_services_controller.go:104.16,107.3 2 0
github.com/APTrust/dart/v3/server/controllers/storage_services_controller.go:108.2,113.51 2 1
github.com/APTrust/dart/v3/server/controllers/upload_job_controller.go:18.35,21.16 3 1
github.com/APTrust/dart/v3/server/controllers/upload_job_controller.go:21.16,24.3 2 0
github.com/APTrust/dart/v3/server/controllers/upload_job_controller.go:25.2,25.82 1 1
github.com/APTrust/dart/v3/server/controllers/upload_job_controller.go:30.41,32.16 2 6
github.com/APTrust/dart/v3/server/controllers/upload_job_controller.go:32.16,35.3 2 0
github.com/APTrust/dart/v3/server/controllers/upload_job_controller.go:36.2,37.16 2 6
github.com/APTrust/dart/v3/server/controllers/upload_job_controller.go:37.16,40.3 2 0
github.com/APTrust/dart/v3/server/controllers/upload_job_controller.go:42.2,43.21 2 6
github.com/APTrust/dart/v3/server/controllers/upload_job_controller.go:43.21,45.3 1 6
github.com/APTrust/dart/v3/server/controllers/upload_job_controller.go:46.2,47.16 2 6
github.com/APTrust/dart/v3/server/controllers/upload_job_controller.go:47.16,50.3 2 0
github.com/APTrust/dart/v3/server/controllers/upload_job_controller.go:51.2,63.55 11 6
github.com/APTrust/dart/v3/server/controllers/upload_job_controller.go:68.39,71.16 3 3
github.com/APTrust/dart/v3/server/controllers/upload_job_controller.go:71.16,74.3 2 0
github.com/APTrust/dart/v3/server/controllers/upload_job_controller.go:75.2,76.51 2 3
github.com/APTrust/dart/v3/server/controllers/upload_job_controller.go:76.51,77.28 1 3
github.com/APTrust/dart/v3/server/controllers/upload_job_controller.go:77.28,79.9 2 0
github.com/APTrust/dart/v3/server/controllers/upload_job_controller.go:82.2,82.15 1 3
github.com/APTrust/dart/v3/server/controllers/upload_job_controller.go:82.15,85.17 3 3
github.com/APTrust/dart/v3/server/controllers/upload_job_controller.go:85.17,88.4 2 0
github.com/APTrust/dart/v3/server/controllers/upload_job_controller.go:90.2,93.102 4 3
github.com/APTrust/dart/v3/server/controllers/upload_job_controller.go:97.42,100.16 3 1
github.com/APTrust/dart/v3/server/controllers/upload_job_controller.go:100.16,103.3 2 0
github.com/APTrust/dart/v3/server/controllers/upload_job_controller.go:104.2,105.51 2 1
github.com/APTrust/dart/v3/server/controllers/upload_job_controller.go:105.51,106.31 1 3
github.com/APTrust/dart/v3/server/controllers/upload_job_controller.go:106.31,108.9 2 1
github.com/APTrust/dart/v3/server/controllers/upload_job_controller.go:111.2,111.16 1 1
github.com/APTrust/dart/v3/server/controllers/upload_job_controller.go:111.16,114.17 3 1
github.com/APTrust/dart/v3/server/controllers/upload_job_controller.go:114.17,117.4 2 0
github.com/APTrust/dart/v3/server/controllers/upload_job_controller.go:119.2,122.102 4 1
github.com/APTrust/dart/v3/server/controllers/upload_job_controller.go:126.43,128.16 2 1
github.com/APTrust/dart/v3/server/controllers/upload_job_controller.go:128.16,131.3 2 0
github.com/APTrust/dart/v3/server/controllers/upload_job_controller.go:132.2,138.63 3 1
github.com/APTrust/dart/v3/server/controllers/upload_job_controller.go:142.42,144.16 2 1
github.com/APTrust/dart/v3/server/controllers/upload_job_controller.go:144.16,147.3 2 0
github.com/APTrust/dart/v3/server/controllers/upload_job_controller.go:148.2,150.51 3 1
github.com/APTrust/dart/v3/server/controllers/upload_job_controller.go:150.51,152.26 2 2
github.com/APTrust/dart/v3/server/controllers/upload_job_controller.go:152.26,156.4 3 0
github.com/APTrust/dart/v3/server/controllers/upload_job_controller.go:157.3,157.101 1 2
github.com/APTrust/dart/v3/server/controllers/upload_job_controller.go:159.2,160.16 2 1
github.com/APTrust/dart/v3/server/controllers/upload_job_controller.go:160.16,169.3 4 0
github.com/APTrust/dart/v3/server/controllers/upload_job_controller.go:172.2,178.29 3 1
github.com/APTrust/dart/v3/server/controllers/upload_job_controller.go:178.29,181.3 2 0
github.com/APTrust/dart/v3/server/controllers/upload_job_controller.go:183.2,183.40 1 1
github.com/APTrust/dart/v3/server/controllers/upload_job_controller.go:187.38,189.16 2 2
github.com/APTrust/dart/v3/server/controllers/upload_job_controller.go:189.16,192.3 2 0
github.com/APTrust/dart/v3/server/controllers/upload_job_controller.go:193.2,205.45 4 2
github.com/APTrust/dart/v3/server/controllers/upload_job_controller.go:212.35,214.16 2 1
github.com/APTrust/dart/v3/server/controllers/upload_job_controller.go:214.16,218.3 3 0
github.com/APTrust/dart/v3/server/controllers/upload_job_controller.go:219.2,219.27 1 1
github.com/APTrust/dart/v3/server/controllers/upload_job_controller.go:219.27,221.40 2 0
github.com/APTrust/dart/v3/server/controllers/upload_job_controller.go:221.40,223.4 1 0
github.com/APTrust/dart/v3/server/controllers/upload_job_controller.go:224.3,225.9 2 0
github.com/APTrust/dart/v3/server/controllers/upload_job_controller.go:228.2,229.12 2 1
github.com/APTrust/dart/v3/server/controllers/upload_job_controller.go:229.12,251.35 7 1
github.com/APTrust/dart/v3/server/controllers/upload_job_controller.go:251.35,253.4 1 1
github.com/APTrust/dart/v3/server/controllers/upload_job_controller.go:254.3,259.33 2 1
github.com/APTrust/dart/v3/server/controllers/upload_job_controller.go:267.2,267.37 1 1
github.com/APTrust/dart/v3/server/controllers/upload_job_controller.go:267.37,268.38 1 13
github.com/APTrust/dart/v3/server/controllers/upload_job_controller.go:268.38,270.54 2 13
github.com/APTrust/dart/v3/server/controllers/upload_job_controller.go:270.54,272.5 1 12
github.com/APTrust/dart/v3/server/controllers/upload_job_controller.go:274.3,275.17 2 1
github.com/APTrust/dart/v3/server/controllers/upload_job_controller.go:275.17,277.4 1 0
github.com/APTrust/dart/v3/server/controllers/upload_job_controller.go:278.3,278.15 1 1
github.com/APTrust/dart/v3/server/controllers/upload_job_controller.go:291.2,292.18 2 1
github.com/APTrust/dart/v3/server/controllers/upload_job_controller.go:297.65,300.2 2 15
github.com/APTrust/dart/v3/server/controllers/validation_job_controller.go:18.39,21.16 3 1
github.com/APTrust/dart/v3/server/controllers/validation_job_controller.go:21.16,24.3 2 0
github.com/APTrust/dart/v3/server/controllers/validation_job_controller.go:25.2,25.83 1 1
github.com/APTrust/dart/v3/server/controllers/validation_job_controller.go:29.45,31.16 2 5
github.com/APTrust/dart/v3/server/controllers/validation_job_controller.go:31.16,34.3 2 0
github.com/APTrust/dart/v3/server/controllers/validation_job_controller.go:35.2,36.16 2 5
github.com/APTrust/dart/v3/server/controllers/validation_job_controller.go:36.16,39.3 2 0
github.com/APTrust/dart/v3/server/controllers/validation_job_controller.go:41.2,42.21 2 5
github.com/APTrust/dart/v3/server/controllers/validation_job_controller.go:42.21,44.3 1 5
github.com/APTrust/dart/v3/server/controllers/validation_job_controller.go:45.2,46.16 2 5
github.com/APTrust/dart/v3/server/controllers/validation_job_controller.go:46.16,49.3 2 0
github.com/APTrust/dart/v3/server/controllers/validation_job_controller.go:50.2,62.55 11 5
github.com/APTrust/dart/v3/server/controllers/validation_job_controller.go:66.43,69.16 3 2
github.com/APTrust/dart/v3/server/controllers/validation_job_controller.go:69.16,72.3 2 0
github.com/APTrust/dart/v3/server/controllers/validation_job_controller.go:73.2,74.50 2 2
github.com/APTrust/dart/v3/server/controllers/validation_job_controller.go:74.50,75.28 1 1
github.com/APTrust/dart/v3/server/controllers/validation_job_controller.go:75.28,77.9 2 0
github.com/APTrust/dart/v3/server/controllers/validation_job_controller.go:80.2,80.15 1 2
github.com/APTrust/dart/v3/server/controllers/validation_job_controller.go:80.15,83.17 3 2
github.com/APTrust/dart/v3/server/controllers/validation_job_controller.go:83.17,86.4 2 0
github.com/APTrust/dart/v3/server/controllers/validation_job_controller.go:88.2,91.103 4 2
github.com/APTrust/dart/v3/server/controllers/validation_job_controller.go:95.46,98.16 3 1
github.com/APTrust/dart/v3/server/controllers/validation_job_controller.go:98.16,101.3 2 0
github.com/APTrust/dart/v3/server/controllers/validation_job_controller.go:102.2,103.50 2 1
github.com/APTrust/dart/v3/server/controllers/validation_job_controller.go:103.50,104.31 1 2
github.com/APTrust/dart/v3/server/controllers/validation_job_controller.go:104.31,106.9 2 1
github.com/APTrust/dart/v3/server/controllers/validation_job_controller.go:109.2,109.16 1 1
github.com/APTrust/dart/v3/server/controllers/validation_job_controller.go:109.16,112.17 3 1
github.com/APTrust/dart/v3/server/controllers/validation_job_controller.go:112.17,115.4 2 0
github.com/APTrust/dart/v3/server/controllers/validation_job_controller.go:117.2,120.103 4 1
github.com/APTrust/dart/v3/server/controllers/validation_job_controller.go:124.48,126.16 2 1
github.com/APTrust/dart/v3/server/controllers/validation_job_controller.go:126.16,129.3 2 0
github.com/APTrust/dart/v3/server/controllers/validation_job_controller.go:130.2,136.67 3 1
github.com/APTrust/dart/v3/server/controllers/validation_job_controller.go:140.47,142.16 2 1
github.com/APTrust/dart/v3/server/controllers/validation_job_controller.go:142.16,145.3 2 0
github.com/APTrust/dart/v3/server/controllers/validation_job_controller.go:146.2,148.16 3 1
github.com/APTrust/dart/v3/server/controllers/validation_job_controller.go:148.16,157.3 4 0
github.com/APTrust/dart/v3/server/controllers/validation_job_controller.go:160.2,166.29 3 1
github.com/APTrust/dart/v3/server/controllers/validation_job_controller.go:166.29,169.3 2 0
github.com/APTrust/dart/v3/server/controllers/validation_job_controller.go:171.2,171.40 1 1
github.com/APTrust/dart/v3/server/controllers/validation_job_controller.go:175.42,177.16 2 2
github.com/APTrust/dart/v3/server/controllers/validation_job_controller.go:177.16,180.3 2 0
github.com/APTrust/dart/v3/server/controllers/validation_job_controller.go:181.2,182.25 2 2
github.com/APTrust/dart/v3/server/controllers/validation_job_controller.go:182.25,185.3 2 0
github.com/APTrust/dart/v3/server/controllers/validation_job_controller.go:186.2,198.45 4 2
github.com/APTrust/dart/v3/server/controllers/validation_job_controller.go:205.39,207.16 2 1
github.com/APTrust/dart/v3/server/controllers/validation_job_controller.go:207.16,211.3 3 0
github.com/APTrust/dart/v3/server/controllers/validation_job_controller.go:212.2,212.24 1 1
github.com/APTrust/dart/v3/server/controllers/validation_job_controller.go:212.24,214.37 2 0
github.com/APTrust/dart/v3/server/controllers/validation_job_controller.go:214.37,216.4 1 0
github.com/APTrust/dart/v3/server/controllers/validation_job_controller.go:217.3,218.9 2 0
github.com/APTrust/dart/v3/server/controllers/validation_job_controller.go:221.2,222.25 2 1
github.com/APTrust/dart/v3/server/controllers/validation_job_controller.go:222.25,226.3 3 0
github.com/APTrust/dart/v3/server/controllers/validation_job_controller.go:227.2,230.12 3 1
github.com/APTrust/dart/v3/server/controllers/validation_job_controller.go:230.12,252.35 7 1
github.com/APTrust/dart/v3/server/controllers/validation_job_controller.go:252.35,254.4 1 1
github.com/APTrust/dart/v3/server/controllers/validation_job_controller.go:255.3,260.33 2 1
github.com/APTrust/dart/v3/server/controllers/validation_job_controller.go:268.2,268.37 1 1
github.com/APTrust/dart/v3/server/controllers/validation_job_controller.go:268.37,269.38 1 10
github.com/APTrust/dart/v3/server/controllers/validation_job_controller.go:269.38,271.54 2 10
github.com/APTrust/dart/v3/server/controllers/validation_job_controller.go:271.54,273.5 1 9
github.com/APTrust/dart/v3/server/controllers/validation_job_controller.go:275.3,276.17 2 1
github.com/APTrust/dart/v3/server/controllers/validation_job_controller.go:276.17,278.4 1 0
github.com/APTrust/dart/v3/server/controllers/validation_job_controller.go:279.3,279.15 1 1
github.com/APTrust/dart/v3/server/controllers/validation_job_controller.go:292.2,293.18 2 1
github.com/APTrust/dart/v3/server/controllers/validation_job_controller.go:297.70,300.2 2 13
github.com/APTrust/dart/v3/server/controllers/workflows_controller.go:20.34,27.16 3 1
github.com/APTrust/dart/v3/server/controllers/workflows_controller.go:27.16,30.3 2 0
github.com/APTrust/dart/v3/server/controllers/workflows_controller.go:31.2,36.51 2 1
github.com/APTrust/dart/v3/server/controllers/workflows_controller.go:42.44,45.25 3 1
github.com/APTrust/dart/v3/server/controllers/workflows_controller.go:45.25,48.3 2 0
github.com/APTrust/dart/v3/server/controllers/workflows_controller.go:49.2,50.16 2 1
github.com/APTrust/dart/v3/server/controllers/workflows_controller.go:50.16,53.3 2 0
github.com/APTrust/dart/v3/server/controllers/workflows_controller.go:54.2,55.16 2 1
github.com/APTrust/dart/v3/server/controllers/workflows_controller.go:55.16,58.3 2 0
github.com/APTrust/dart/v3/server/controllers/workflows_controller.go:59.2,63.34 2 1
github.com/APTrust/dart/v3/server/controllers/workflows_controller.go:68.37,70.25 2 1
github.com/APTrust/dart/v3/server/controllers/workflows_controller.go:70.25,73.3 2 0
github.com/APTrust/dart/v3/server/controllers/workflows_controller.go:74.2,75.16 2 1
github.com/APTrust/dart/v3/server/controllers/workflows_controller.go:75.16,78.3 2 0
github.com/APTrust/dart/v3/server/controllers/workflows_controller.go:79.2,80.44 2 1
github.com/APTrust/dart/v3/server/controllers/workflows_controller.go:84.35,86.25 2 2
github.com/APTrust/dart/v3/server/controllers/workflows_controller.go:86.25,89.3 2 0
github.com/APTrust/dart/v3/server/controllers/workflows_controller.go:90.2,90.67 1 2
github.com/APTrust/dart/v3/server/controllers/workflows_controller.go:94.36,96.25 2 1
github.com/APTrust/dart/v3/server/controllers/workflows_controller.go:96.25,99.3 2 0
github.com/APTrust/dart/v3/server/controllers/workflows_controller.go:100.2,101.67 2 1
github.com/APTrust/dart/v3/server/controllers/workflows_controller.go:106.35,109.16 3 1
github.com/APTrust/dart/v3/server/controllers/workflows_controller.go:109.16,112.3 2 0
github.com/APTrust/dart/v3/server/controllers/workflows_controller.go:113.2,115.35 3 1
github.com/APTrust/dart/v3/server/controllers/workflows_controller.go:115.35,117.58 2 1
github.com/APTrust/dart/v3/server/controllers/workflows_controller.go:117.58,119.4 1 1
github.com/APTrust/dart/v3/server/controllers/workflows_controller.go:121.2,122.16 2 1
github.com/APTrust/dart/v3/server/controllers/workflows_controller.go:122.16,131.3 4 0
github.com/APTrust/dart/v3/server/controllers/workflows_controller.go:132.2,133.44 2 1
github.com/APTrust/dart/v3/server/controllers/workflows_controller.go:137.37,139.25 2 1
github.com/APTrust/dart/v3/server/controllers/workflows_controller.go:139.25,142.3 2 0
github.com/APTrust/dart/v3/server/controllers/workflows_controller.go:143.2,145.16 3 1
github.com/APTrust/dart/v3/server/controllers/workflows_controller.go:145.16,148.3 2 0
github.com/APTrust/dart/v3/server/controllers/workflows_controller.go:149.2,150.38 2 1
github.com/APTrust/dart/v3/server/controllers/workflows_controller.go:150.38,152.3 1 1
github.com/APTrust/dart/v3/server/controllers/workflows_controller.go:153.2,158.60 2 1
github.com/APTrust/dart/v3/server/controllers/workflows_controller.go:162.34,164.25 2 1
github.com/APTrust/dart/v3/server/controllers/workflows_controller.go:164.25,167.3 2 0
github.com/APTrust/dart/v3/server/controllers/workflows_controller.go:168.2,170.16 3 1
github.com/APTrust/dart/v3/server/controllers/workflows_controller.go:170.16,173.3 2 0
github.com/APTrust/dart/v3/server/controllers/workflows_controller.go:174.2,178.29 2 1
github.com/APTrust/dart/v3/server/controllers/workflows_controller.go:182.44,200.2 8 0
github.com/APTrust/dart/v3/server/controllers/workflows_controller.go:203.44,206.16 3 2
github.com/APTrust/dart/v3/server/controllers/workflows_controller.go:206.16,217.3 4 0
github.com/APTrust/dart/v3/server/controllers/workflows_controller.go:219.2,221.16 3 2
github.com/APTrust/dart/v3/server/controllers/workflows_controller.go:221.16,224.3 2 0
github.com/APTrust/dart/v3/server/controllers/workflows_controller.go:226.2,230.20 5 2
github.com/APTrust/dart/v3/server/controllers/workflows_controller.go:230.20,233.3 2 1
github.com/APTrust/dart/v3/server/controllers/workflows_controller.go:233.8,238.3 4 1
github.com/APTrust/dart/v3/server/controllers/workflows_controller.go:239.2,240.22 2 2
github.com/APTrust/dart/v3/server/controllers/workflows_controller.go:244.39,249.20 5 1
github.com/APTrust/dart/v3/server/controllers/workflows_controller.go:249.20,251.37 2 0
github.com/APTrust/dart/v3/server/controllers/workflows_controller.go:251.37,253.4 1 0
github.com/APTrust/dart/v3/server/controllers/workflows_controller.go:254.3,255.9 2 0
github.com/APTrust/dart/v3/server/controllers/workflows_controller.go:257.2,259.16 3 1
github.com/APTrust/dart/v3/server/controllers/workflows_controller.go:259.16,262.3 2 0
github.com/APTrust/dart/v3/server/controllers/workflows_controller.go:264.2,265.16 2 1
github.com/APTrust/dart/v3/server/controllers/workflows_controller.go:265.16,268.3 2 0
github.com/APTrust/dart/v3/server/controllers/workflows_controller.go:270.2,272.12 2 1
github.com/APTrust/dart/v3/server/controllers/workflows_controller.go:272.12,274.44 2 1
github.com/APTrust/dart/v3/server/controllers/workflows_controller.go:274.44,301.36 8 3
github.com/APTrust/dart/v3/server/controllers/workflows_controller.go:301.36,303.5 1 3
github.com/APTrust/dart/v3/server/controllers/workflows_controller.go:304.4,312.40 4 3
github.com/APTrust/dart/v3/server/controllers/workflows_controller.go:312.40,314.5 1 0
github.com/APTrust/dart/v3/server/controllers/workflows_controller.go:316.3,317.24 2 1
github.com/APTrust/dart/v3/server/controllers/workflows_controller.go:317.24,319.4 1 0
github.com/APTrust/dart/v3/server/controllers/workflows_controller.go:322.3,323.17 2 1
github.com/APTrust/dart/v3/server/controllers/workflows_controller.go:323.17,325.4 1 0
github.com/APTrust/dart/v3/server/controllers/workflows_controller.go:325.9,327.4 1 1
github.com/APTrust/dart/v3/server/controllers/workflows_controller.go:330.3,343.33 4 1
github.com/APTrust/dart/v3/server/controllers/workflows_controller.go:351.2,351.37 1 1
github.com/APTrust/dart/v3/server/controllers/workflows_controller.go:351.37,352.38 1 449
github.com/APTrust/dart/v3/server/controllers/workflows_controller.go:352.38,354.54 2 449
github.com/APTrust/dart/v3/server/controllers/workflows_controller.go:354.54,356.5 1 448
github.com/APTrust/dart/v3/server/controllers/workflows_controller.go:362.3,362.15 1 1
github.com/APTrust/dart/v3/server/controllers/workflows_controller.go:372.2,386.50 4 1
